# Logfile created on 2013-01-09 21:34:51 +0100 by logger.rb/25413
REQUESTING PAGE: GET /static_pages/home with {} and HTTP headers {}
REQUESTING PAGE: GET /static_pages/home with {} and HTTP headers {}
REQUESTING PAGE: GET /static_pages/help with {} and HTTP headers {}
REQUESTING PAGE: GET /static_pages/help with {} and HTTP headers {}
REQUESTING PAGE: GET /static_pages/about with {} and HTTP headers {}
REQUESTING PAGE: GET /static_pages/about with {} and HTTP headers {}
REQUESTING PAGE: GET /static_pages/contact with {} and HTTP headers {}
REQUESTING PAGE: GET /static_pages/contact with {} and HTTP headers {}
REQUESTING PAGE: GET /static_pages/home with {} and HTTP headers {}
REQUESTING PAGE: GET /static_pages/home with {} and HTTP headers {}
REQUESTING PAGE: GET /static_pages/help with {} and HTTP headers {}
REQUESTING PAGE: GET /static_pages/help with {} and HTTP headers {}
REQUESTING PAGE: GET /static_pages/about with {} and HTTP headers {}
REQUESTING PAGE: GET /static_pages/about with {} and HTTP headers {}
REQUESTING PAGE: GET /static_pages/contact with {} and HTTP headers {}
REQUESTING PAGE: GET /static_pages/contact with {} and HTTP headers {}
REQUESTING PAGE: GET /static_pages/home with {} and HTTP headers {}
REQUESTING PAGE: GET /static_pages/home with {} and HTTP headers {}
REQUESTING PAGE: GET /static_pages/help with {} and HTTP headers {}
REQUESTING PAGE: GET /static_pages/help with {} and HTTP headers {}
REQUESTING PAGE: GET /static_pages/about with {} and HTTP headers {}
REQUESTING PAGE: GET /static_pages/about with {} and HTTP headers {}
REQUESTING PAGE: GET /static_pages/contact with {} and HTTP headers {}
REQUESTING PAGE: GET /static_pages/contact with {} and HTTP headers {}
REQUESTING PAGE: GET /static_pages/home with {} and HTTP headers {}
REQUESTING PAGE: GET /static_pages/home with {} and HTTP headers {}
REQUESTING PAGE: GET /static_pages/help with {} and HTTP headers {}
REQUESTING PAGE: GET /static_pages/help with {} and HTTP headers {}
REQUESTING PAGE: GET /static_pages/about with {} and HTTP headers {}
REQUESTING PAGE: GET /static_pages/about with {} and HTTP headers {}
REQUESTING PAGE: GET /static_pages/contact with {} and HTTP headers {}
REQUESTING PAGE: GET /static_pages/contact with {} and HTTP headers {}
REQUESTING PAGE: GET /static_pages/home with {} and HTTP headers {}
REQUESTING PAGE: GET /static_pages/home with {} and HTTP headers {}
REQUESTING PAGE: GET /static_pages/help with {} and HTTP headers {}
REQUESTING PAGE: GET /static_pages/help with {} and HTTP headers {}
REQUESTING PAGE: GET /static_pages/about with {} and HTTP headers {}
REQUESTING PAGE: GET /static_pages/about with {} and HTTP headers {}
REQUESTING PAGE: GET /static_pages/contact with {} and HTTP headers {}
REQUESTING PAGE: GET /static_pages/contact with {} and HTTP headers {}
REQUESTING PAGE: GET /static_pages/home with {} and HTTP headers {}
REQUESTING PAGE: GET /static_pages/home with {} and HTTP headers {}
REQUESTING PAGE: GET /static_pages/help with {} and HTTP headers {}
REQUESTING PAGE: GET /static_pages/help with {} and HTTP headers {}
REQUESTING PAGE: GET /static_pages/about with {} and HTTP headers {}
REQUESTING PAGE: GET /static_pages/about with {} and HTTP headers {}
REQUESTING PAGE: GET /static_pages/contact with {} and HTTP headers {}
REQUESTING PAGE: GET /static_pages/contact with {} and HTTP headers {}
REQUESTING PAGE: GET /static_pages/home with {} and HTTP headers {}
REQUESTING PAGE: GET /static_pages/home with {} and HTTP headers {}
REQUESTING PAGE: GET /static_pages/help with {} and HTTP headers {}
REQUESTING PAGE: GET /static_pages/help with {} and HTTP headers {}
REQUESTING PAGE: GET /static_pages/about with {} and HTTP headers {}
REQUESTING PAGE: GET /static_pages/about with {} and HTTP headers {}
REQUESTING PAGE: GET /static_pages/contact with {} and HTTP headers {}
REQUESTING PAGE: GET /static_pages/contact with {} and HTTP headers {}
REQUESTING PAGE: GET /static_pages/home with {} and HTTP headers {}
REQUESTING PAGE: GET /static_pages/home with {} and HTTP headers {}
REQUESTING PAGE: GET /static_pages/help with {} and HTTP headers {}
REQUESTING PAGE: GET /static_pages/help with {} and HTTP headers {}
REQUESTING PAGE: GET /static_pages/about with {} and HTTP headers {}
REQUESTING PAGE: GET /static_pages/about with {} and HTTP headers {}
REQUESTING PAGE: GET /static_pages/contact with {} and HTTP headers {}
REQUESTING PAGE: GET /static_pages/contact with {} and HTTP headers {}
REQUESTING PAGE: GET /static_pages/home with {} and HTTP headers {}
REQUESTING PAGE: GET /static_pages/home with {} and HTTP headers {}
REQUESTING PAGE: GET /static_pages/help with {} and HTTP headers {}
REQUESTING PAGE: GET /static_pages/help with {} and HTTP headers {}
REQUESTING PAGE: GET /static_pages/about with {} and HTTP headers {}
REQUESTING PAGE: GET /static_pages/about with {} and HTTP headers {}
REQUESTING PAGE: GET /static_pages/contact with {} and HTTP headers {}
REQUESTING PAGE: GET /static_pages/contact with {} and HTTP headers {}
REQUESTING PAGE: GET /static_pages/home with {} and HTTP headers {}
REQUESTING PAGE: GET /static_pages/home with {} and HTTP headers {}
REQUESTING PAGE: GET /static_pages/help with {} and HTTP headers {}
REQUESTING PAGE: GET /static_pages/help with {} and HTTP headers {}
REQUESTING PAGE: GET /static_pages/about with {} and HTTP headers {}
REQUESTING PAGE: GET /static_pages/about with {} and HTTP headers {}
REQUESTING PAGE: GET /static_pages/contact with {} and HTTP headers {}
REQUESTING PAGE: GET /static_pages/contact with {} and HTTP headers {}
REQUESTING PAGE: GET /static_pages/home with {} and HTTP headers {}
REQUESTING PAGE: GET /static_pages/home with {} and HTTP headers {}
REQUESTING PAGE: GET /static_pages/help with {} and HTTP headers {}
REQUESTING PAGE: GET /static_pages/help with {} and HTTP headers {}
REQUESTING PAGE: GET /static_pages/about with {} and HTTP headers {}
REQUESTING PAGE: GET /static_pages/about with {} and HTTP headers {}
REQUESTING PAGE: GET /static_pages/contact with {} and HTTP headers {}
REQUESTING PAGE: GET /static_pages/contact with {} and HTTP headers {}
REQUESTING PAGE: GET /static_pages/home with {} and HTTP headers {}
REQUESTING PAGE: GET /static_pages/home with {} and HTTP headers {}
REQUESTING PAGE: GET /static_pages/help with {} and HTTP headers {}
REQUESTING PAGE: GET /static_pages/help with {} and HTTP headers {}
REQUESTING PAGE: GET /static_pages/about with {} and HTTP headers {}
REQUESTING PAGE: GET /static_pages/about with {} and HTTP headers {}
REQUESTING PAGE: GET /static_pages/contact with {} and HTTP headers {}
REQUESTING PAGE: GET /static_pages/contact with {} and HTTP headers {}
REQUESTING PAGE: GET /static_pages/home with {} and HTTP headers {}
REQUESTING PAGE: GET /static_pages/home with {} and HTTP headers {}
REQUESTING PAGE: GET /static_pages/help with {} and HTTP headers {}
REQUESTING PAGE: GET /static_pages/help with {} and HTTP headers {}
REQUESTING PAGE: GET /static_pages/about with {} and HTTP headers {}
REQUESTING PAGE: GET /static_pages/about with {} and HTTP headers {}
REQUESTING PAGE: GET /static_pages/contact with {} and HTTP headers {}
REQUESTING PAGE: GET /static_pages/contact with {} and HTTP headers {}
REQUESTING PAGE: GET /static_pages/home with {} and HTTP headers {}
REQUESTING PAGE: GET /static_pages/home with {} and HTTP headers {}
REQUESTING PAGE: GET /static_pages/help with {} and HTTP headers {}
REQUESTING PAGE: GET /static_pages/help with {} and HTTP headers {}
REQUESTING PAGE: GET /static_pages/about with {} and HTTP headers {}
REQUESTING PAGE: GET /static_pages/about with {} and HTTP headers {}
REQUESTING PAGE: GET /static_pages/contact with {} and HTTP headers {}
REQUESTING PAGE: GET /static_pages/contact with {} and HTTP headers {}
REQUESTING PAGE: GET /static_pages/home with {} and HTTP headers {}
REQUESTING PAGE: GET /static_pages/home with {} and HTTP headers {}
REQUESTING PAGE: GET /static_pages/help with {} and HTTP headers {}
REQUESTING PAGE: GET /static_pages/help with {} and HTTP headers {}
REQUESTING PAGE: GET /static_pages/about with {} and HTTP headers {}
REQUESTING PAGE: GET /static_pages/about with {} and HTTP headers {}
REQUESTING PAGE: GET /static_pages/contact with {} and HTTP headers {}
REQUESTING PAGE: GET /static_pages/contact with {} and HTTP headers {}
REQUESTING PAGE: GET /static_pages/home with {} and HTTP headers {}
REQUESTING PAGE: GET /static_pages/home with {} and HTTP headers {}
REQUESTING PAGE: GET /static_pages/help with {} and HTTP headers {}
REQUESTING PAGE: GET /static_pages/help with {} and HTTP headers {}
REQUESTING PAGE: GET /static_pages/about with {} and HTTP headers {}
REQUESTING PAGE: GET /static_pages/about with {} and HTTP headers {}
REQUESTING PAGE: GET /static_pages/contact with {} and HTTP headers {}
REQUESTING PAGE: GET /static_pages/contact with {} and HTTP headers {}
REQUESTING PAGE: GET /static_pages/home with {} and HTTP headers {}
REQUESTING PAGE: GET /static_pages/home with {} and HTTP headers {}
REQUESTING PAGE: GET /static_pages/help with {} and HTTP headers {}
REQUESTING PAGE: GET /static_pages/help with {} and HTTP headers {}
REQUESTING PAGE: GET /static_pages/about with {} and HTTP headers {}
REQUESTING PAGE: GET /static_pages/about with {} and HTTP headers {}
REQUESTING PAGE: GET /static_pages/contact with {} and HTTP headers {}
REQUESTING PAGE: GET /static_pages/contact with {} and HTTP headers {}
REQUESTING PAGE: GET /static_pages/home with {} and HTTP headers {}
REQUESTING PAGE: GET /static_pages/home with {} and HTTP headers {}
REQUESTING PAGE: GET /static_pages/help with {} and HTTP headers {}
REQUESTING PAGE: GET /static_pages/help with {} and HTTP headers {}
REQUESTING PAGE: GET /static_pages/about with {} and HTTP headers {}
REQUESTING PAGE: GET /static_pages/about with {} and HTTP headers {}
REQUESTING PAGE: GET /static_pages/contact with {} and HTTP headers {}
REQUESTING PAGE: GET /static_pages/contact with {} and HTTP headers {}
REQUESTING PAGE: GET /static_pages/home with {} and HTTP headers {}
REQUESTING PAGE: GET /static_pages/home with {} and HTTP headers {}
REQUESTING PAGE: GET /static_pages/help with {} and HTTP headers {}
REQUESTING PAGE: GET /static_pages/help with {} and HTTP headers {}
REQUESTING PAGE: GET /static_pages/about with {} and HTTP headers {}
REQUESTING PAGE: GET /static_pages/about with {} and HTTP headers {}
REQUESTING PAGE: GET /static_pages/contact with {} and HTTP headers {}
REQUESTING PAGE: GET /static_pages/contact with {} and HTTP headers {}
REQUESTING PAGE: GET /static_pages/home with {} and HTTP headers {}
REQUESTING PAGE: GET /static_pages/home with {} and HTTP headers {}
REQUESTING PAGE: GET /static_pages/help with {} and HTTP headers {}
REQUESTING PAGE: GET /static_pages/help with {} and HTTP headers {}
REQUESTING PAGE: GET /static_pages/about with {} and HTTP headers {}
REQUESTING PAGE: GET /static_pages/about with {} and HTTP headers {}
REQUESTING PAGE: GET /static_pages/contact with {} and HTTP headers {}
REQUESTING PAGE: GET /static_pages/contact with {} and HTTP headers {}
REQUESTING PAGE: GET /static_pages/home with {} and HTTP headers {}
REQUESTING PAGE: GET /static_pages/home with {} and HTTP headers {}
REQUESTING PAGE: GET /static_pages/help with {} and HTTP headers {}
REQUESTING PAGE: GET /static_pages/help with {} and HTTP headers {}
REQUESTING PAGE: GET /static_pages/about with {} and HTTP headers {}
REQUESTING PAGE: GET /static_pages/about with {} and HTTP headers {}
REQUESTING PAGE: GET /static_pages/contact with {} and HTTP headers {}
REQUESTING PAGE: GET /static_pages/contact with {} and HTTP headers {}
